# JRE version: OpenJDK Runtime Environment Microsoft-11926163 (17.0.16+8) (build 17.0.16+8-LTS)
# Java VM: OpenJDK 64-Bit Server VM Microsoft-11926163 (17.0.16+8-LTS, mixed mode, sharing, tiered, compressed oops, compressed class ptrs, g1 gc, windows-amd64)
GC Precious Log:
 CPUs: 4 total, 4 available
 Memory: 32767M
 Large Page Support: Disabled
 NUMA Support: Disabled
 Compressed Oops: Enabled (Zero based)
 Heap Region Size: 4M
 Heap Min Capacity: 8M
 Heap Initial Capacity: 512M
 Heap Max Capacity: 8G
 Pre-touch: Disabled
 Parallel Workers: 4
 Concurrent Workers: 1
 Concurrent Refinement Workers: 4
 Periodic GC: Disabled
Heap:
 garbage-first heap   total 233472K, used 129083K [0x0000000600000000, 0x0000000800000000)
  region size 4096K, 8 young (32768K), 2 survivors (8192K)
 Metaspace       used 67710K, committed 68480K, reserved 1114112K
  class space    used 8182K, committed 8512K, reserved 1048576K
GC Heap History (20 events):
Event: 50.699 GC heap before
{Heap before GC invocations=13 (full 0):
 garbage-first heap   total 98304K, used 64318K [0x0000000600000000, 0x0000000800000000)
  region size 4096K, 11 young (45056K), 2 survivors (8192K)
 Metaspace       used 50899K, committed 51328K, reserved 1114112K
  class space    used 5880K, committed 6080K, reserved 1048576K
}
Event: 50.705 GC heap after
{Heap after GC invocations=14 (full 0):
 garbage-first heap   total 98304K, used 34091K [0x0000000600000000, 0x0000000800000000)
  region size 4096K, 2 young (8192K), 2 survivors (8192K)
 Metaspace       used 50899K, committed 51328K, reserved 1114112K
  class space    used 5880K, committed 6080K, reserved 1048576K
}
Event: 51.322 GC heap before
{Heap before GC invocations=14 (full 0):
 garbage-first heap   total 98304K, used 70955K [0x0000000600000000, 0x0000000800000000)
  region size 4096K, 11 young (45056K), 2 survivors (8192K)
 Metaspace       used 51434K, committed 51840K, reserved 1114112K
  class space    used 5949K, committed 6144K, reserved 1048576K
}
Event: 51.332 GC heap after
{Heap after GC invocations=15 (full 0):
 garbage-first heap   total 98304K, used 37986K [0x0000000600000000, 0x0000000800000000)
  region size 4096K, 2 young (8192K), 2 survivors (8192K)
 Metaspace       used 51434K, committed 51840K, reserved 1114112K
  class space    used 5949K, committed 6144K, reserved 1048576K
}
Event: 51.517 GC heap before
{Heap before GC invocations=15 (full 0):
 garbage-first heap   total 98304K, used 70754K [0x0000000600000000, 0x0000000800000000)
  region size 4096K, 10 young (40960K), 2 survivors (8192K)
 Metaspace       used 51436K, committed 51840K, reserved 1114112K
  class space    used 5949K, committed 6144K, reserved 1048576K
}
Event: 51.529 GC heap after
{Heap after GC invocations=16 (full 0):
 garbage-first heap   total 98304K, used 46325K [0x0000000600000000, 0x0000000800000000)
  region size 4096K, 2 young (8192K), 2 survivors (8192K)
 Metaspace       used 51436K, committed 51840K, reserved 1114112K
  class space    used 5949K, committed 6144K, reserved 1048576K
}
Event: 51.717 GC heap before
{Heap before GC invocations=16 (full 0):
 garbage-first heap   total 98304K, used 66805K [0x0000000600000000, 0x0000000800000000)
  region size 4096K, 7 young (28672K), 2 survivors (8192K)
 Metaspace       used 51436K, committed 51840K, reserved 1114112K
  class space    used 5949K, committed 6144K, reserved 1048576K
}
Event: 51.725 GC heap after
{Heap after GC invocations=17 (full 0):
 garbage-first heap   total 98304K, used 52672K [0x0000000600000000, 0x0000000800000000)
  region size 4096K, 1 young (4096K), 1 survivors (4096K)
 Metaspace       used 51436K, committed 51840K, reserved 1114112K
  class space    used 5949K, committed 6144K, reserved 1048576K
}
Event: 51.752 GC heap before
{Heap before GC invocations=17 (full 0):
 garbage-first heap   total 98304K, used 69056K [0x0000000600000000, 0x0000000800000000)
  region size 4096K, 5 young (20480K), 1 survivors (4096K)
 Metaspace       used 51437K, committed 51840K, reserved 1114112K
  class space    used 5950K, committed 6144K, reserved 1048576K
}
Event: 51.761 GC heap after
{Heap after GC invocations=18 (full 0):
 garbage-first heap   total 311296K, used 57188K [0x0000000600000000, 0x0000000800000000)
  region size 4096K, 1 young (4096K), 1 survivors (4096K)
 Metaspace       used 51437K, committed 51840K, reserved 1114112K
  class space    used 5950K, committed 6144K, reserved 1048576K
}
Event: 54.088 GC heap before
{Heap before GC invocations=19 (full 0):
 garbage-first heap   total 233472K, used 196452K [0x0000000600000000, 0x0000000800000000)
  region size 4096K, 35 young (143360K), 1 survivors (4096K)
 Metaspace       used 52160K, committed 52672K, reserved 1114112K
  class space    used 6046K, committed 6272K, reserved 1048576K
}
Event: 54.148 GC heap after
{Heap after GC invocations=20 (full 0):
 garbage-first heap   total 233472K, used 88991K [0x0000000600000000, 0x0000000800000000)
  region size 4096K, 5 young (20480K), 5 survivors (20480K)
 Metaspace       used 52160K, committed 52672K, reserved 1114112K
  class space    used 6046K, committed 6272K, reserved 1048576K
}
Event: 58.207 GC heap before
{Heap before GC invocations=20 (full 0):
 garbage-first heap   total 233472K, used 154527K [0x0000000600000000, 0x0000000800000000)
  region size 4096K, 21 young (86016K), 5 survivors (20480K)
 Metaspace       used 57268K, committed 57856K, reserved 1114112K
  class space    used 6778K, committed 7040K, reserved 1048576K
}
Event: 58.237 GC heap after
{Heap after GC invocations=21 (full 0):
 garbage-first heap   total 233472K, used 100443K [0x0000000600000000, 0x0000000800000000)
  region size 4096K, 3 young (12288K), 3 survivors (12288K)
 Metaspace       used 57268K, committed 57856K, reserved 1114112K
  class space    used 6778K, committed 7040K, reserved 1048576K
}
Event: 61.522 GC heap before
{Heap before GC invocations=21 (full 0):
 garbage-first heap   total 233472K, used 161883K [0x0000000600000000, 0x0000000800000000)
  region size 4096K, 19 young (77824K), 3 survivors (12288K)
 Metaspace       used 61526K, committed 62272K, reserved 1114112K
  class space    used 7393K, committed 7744K, reserved 1048576K
}
Event: 61.533 GC heap after
{Heap after GC invocations=22 (full 0):
 garbage-first heap   total 233472K, used 106432K [0x0000000600000000, 0x0000000800000000)
  region size 4096K, 2 young (8192K), 2 survivors (8192K)
 Metaspace       used 61526K, committed 62272K, reserved 1114112K
  class space    used 7393K, committed 7744K, reserved 1048576K
}
Event: 124.341 GC heap before
{Heap before GC invocations=22 (full 0):
 garbage-first heap   total 233472K, used 167872K [0x0000000600000000, 0x0000000800000000)
  region size 4096K, 18 young (73728K), 2 survivors (8192K)
 Metaspace       used 67070K, committed 67904K, reserved 1114112K
  class space    used 8162K, committed 8512K, reserved 1048576K
}
Event: 124.355 GC heap after
{Heap after GC invocations=23 (full 0):
 garbage-first heap   total 233472K, used 110423K [0x0000000600000000, 0x0000000800000000)
  region size 4096K, 3 young (12288K), 3 survivors (12288K)
 Metaspace       used 67070K, committed 67904K, reserved 1114112K
  class space    used 8162K, committed 8512K, reserved 1048576K
}
Event: 169.454 GC heap before
{Heap before GC invocations=23 (full 0):
 garbage-first heap   total 233472K, used 171863K [0x0000000600000000, 0x0000000800000000)
  region size 4096K, 19 young (77824K), 3 survivors (12288K)
 Metaspace       used 67676K, committed 68480K, reserved 1114112K
  class space    used 8182K, committed 8512K, reserved 1048576K
}
Event: 169.463 GC heap after
{Heap after GC invocations=24 (full 0):
 garbage-first heap   total 233472K, used 112699K [0x0000000600000000, 0x0000000800000000)
  region size 4096K, 2 young (8192K), 2 survivors (8192K)
 Metaspace       used 67676K, committed 68480K, reserved 1114112K
  class space    used 8182K, committed 8512K, reserved 1048576K
}

